<?xml version="1.0" encoding="UTF-8"?>
<testsuite name="TestFlatMap" tests="2" skipped="0" failures="0" errors="0" timestamp="2019-01-04T14:54:51" hostname="rodsava01m" time="0.04">
  <properties/>
  <testcase name="testGetOrderedProductsSet" classname="TestFlatMap" time="0.039"/>
  <testcase name="testGetAllOrderedProducts" classname="TestFlatMap" time="0.001"/>
  <system-out><![CDATA[]]></system-out>
  <system-err><![CDATA[]]></system-err>
</testsuite>
