<?xml version="1.0" encoding="UTF-8"?>
<testsuite name="TestExtensionsOnCollections" tests="1" skipped="0" failures="0" errors="0" timestamp="2019-01-03T15:07:22" hostname="rodsava01m" time="0.022">
  <properties/>
  <testcase name="testSort" classname="TestExtensionsOnCollections" time="0.022"/>
  <system-out><![CDATA[]]></system-out>
  <system-err><![CDATA[]]></system-err>
</testsuite>
