<?xml version="1.0" encoding="UTF-8"?>
<testsuite name="TestTheFunctionWith" tests="2" skipped="0" failures="0" errors="0" timestamp="2019-01-08T15:00:52" hostname="rodsava01m" time="0.009">
  <properties/>
  <testcase name="testCreateString" classname="TestTheFunctionWith" time="0.008"/>
  <testcase name="testCreateMap" classname="TestTheFunctionWith" time="0.0"/>
  <system-out><![CDATA[]]></system-out>
  <system-err><![CDATA[]]></system-err>
</testsuite>
