<?xml version="1.0" encoding="UTF-8"?>
<testsuite name="TestGenericFunctions" tests="2" skipped="0" failures="0" errors="0" timestamp="2019-01-08T15:01:07" hostname="rodsava01m" time="0.036">
  <properties/>
  <testcase name="testPartitionLettersAndOtherSymbols" classname="TestGenericFunctions" time="0.023"/>
  <testcase name="testPartitionWordsAndLines" classname="TestGenericFunctions" time="0.013"/>
  <system-out><![CDATA[]]></system-out>
  <system-err><![CDATA[]]></system-err>
</testsuite>
