<?xml version="1.0" encoding="UTF-8"?>
<testsuite name="TestSum" tests="1" skipped="0" failures="0" errors="0" timestamp="2019-01-04T15:19:23" hostname="rodsava01m" time="0.033">
  <properties/>
  <testcase name="testGetTotalOrderPrice" classname="TestSum" time="0.033"/>
  <system-out><![CDATA[]]></system-out>
  <system-err><![CDATA[]]></system-err>
</testsuite>
