<?xml version="1.0" encoding="UTF-8"?>
<testsuite name="TestInRange" tests="3" skipped="0" failures="0" errors="0" timestamp="2019-01-03T15:28:52" hostname="rodsava01m" time="0.005">
  <properties/>
  <testcase name="testAfter" classname="TestInRange" time="0.004"/>
  <testcase name="testBefore" classname="TestInRange" time="0.0"/>
  <testcase name="testInRange" classname="TestInRange" time="0.0"/>
  <system-out><![CDATA[]]></system-out>
  <system-err><![CDATA[]]></system-err>
</testsuite>
