<?xml version="1.0" encoding="UTF-8"?>
<testsuite name="TestHtmlBuilders" tests="2" skipped="0" failures="0" errors="0" timestamp="2019-01-08T15:00:56" hostname="rodsava01m" time="0.05">
  <properties/>
  <testcase name="productTableIsColored" classname="TestHtmlBuilders" time="0.049"/>
  <testcase name="productTableIsFilled" classname="TestHtmlBuilders" time="0.001"/>
  <system-out><![CDATA[]]></system-out>
  <system-err><![CDATA[]]></system-err>
</testsuite>
