<?xml version="1.0" encoding="UTF-8"?>
<testsuite name="TestDelegatesHowItWorks" tests="1" skipped="0" failures="0" errors="0" timestamp="2019-01-08T14:59:24" hostname="rodsava01m" time="0.024">
  <properties/>
  <testcase name="testDate" classname="TestDelegatesHowItWorks" time="0.024"/>
  <system-out><![CDATA[]]></system-out>
  <system-err><![CDATA[]]></system-err>
</testsuite>
