<?xml version="1.0" encoding="UTF-8"?>
<testsuite name="TestForLoop" tests="2" skipped="0" failures="0" errors="0" timestamp="2019-01-03T16:25:51" hostname="rodsava01m" time="0.031">
  <properties/>
  <testcase name="testIterateOverDateRange" classname="TestForLoop" time="0.029"/>
  <testcase name="testIterateOverEmptyRange" classname="TestForLoop" time="0.001"/>
  <system-out><![CDATA[]]></system-out>
  <system-err><![CDATA[]]></system-err>
</testsuite>
